<?xml version="1.0" encoding="UTF-8"?>
<testsuite xmlns:xsi="http://www.w3.org/2001/XMLSchema-instance" xsi:schemaLocation="https://maven.apache.org/surefire/maven-surefire-plugin/xsd/surefire-test-report.xsd" name="TestSuite" time="434.008" tests="4" errors="0" skipped="0" failures="2">
  <properties>
[...]
</properties>
  <testcase name="flipkart_testcases1" classname="com.flipkart.testcase1.Pacp2_1" time="104.513"/>
  <testcase name="flipkart_testcases1" classname="com.flipkart.testcase1.Pacp2_1" time="79.772"/>
  <testcase name="teatcase2" classname="com.flipkart.testcase1.Pacp2_1" time="40.449">
    <failure message="Unable to locate element: {&quot;method&quot;:&quot;xpath&quot;,&quot;selector&quot;:&quot;//div[text()=&apos;Redmi 5A (Rose Gold, 16 GB)&apos;]&quot;}&#10;Command duration or timeout: 107 milliseconds&#10;For documentation on this error, please visit: http://seleniumhq.org/exceptions/no_such_element.html&#10;Build info: version: &apos;2.53.0&apos;, revision: &apos;35ae25b1534ae328c771e0856c93e187490ca824&apos;, time: &apos;2016-03-15 10:43:46&apos;&#10;System info: host: &apos;HP-PC&apos;, ip: &apos;192.168.3.5&apos;, os.name: &apos;Windows 7&apos;, os.arch: &apos;amd64&apos;, os.version: &apos;6.1&apos;, java.version: &apos;1.7.0_67&apos;&#10;*** Element info: {Using=xpath, value=//div[text()=&apos;Redmi 5A (Rose Gold, 16 GB)&apos;]}&#10;Session ID: 4b6f0e1b-02eb-4af6-a65a-6ffdeb8a1556&#10;Driver info: org.openqa.selenium.firefox.FirefoxDriver&#10;Capabilities [{platform=WINDOWS, acceptSslCerts=true, javascriptEnabled=true, cssSelectorsEnabled=true, databaseEnabled=true, browserName=firefox, handlesAlerts=true, nativeEvents=false, webStorageEnabled=true, rotatable=false, locationContextEnabled=true, applicationCacheEnabled=true, takesScreenshot=true, version=45.0.1}]" type="org.openqa.selenium.NoSuchElementException">org.openqa.selenium.NoSuchElementException: 
Unable to locate element: {"method":"xpath","selector":"//div[text()='Redmi 5A (Rose Gold, 16 GB)']"}
Command duration or timeout: 107 milliseconds
For documentation on this error, please visit: http://seleniumhq.org/exceptions/no_such_element.html
Build info: version: '2.53.0', revision: '35ae25b1534ae328c771e0856c93e187490ca824', time: '2016-03-15 10:43:46'
System info: host: 'HP-PC', ip: '192.168.3.5', os.name: 'Windows 7', os.arch: 'amd64', os.version: '6.1', java.version: '1.7.0_67'
*** Element info: {Using=xpath, value=//div[text()='Redmi 5A (Rose Gold, 16 GB)']}
Session ID: 4b6f0e1b-02eb-4af6-a65a-6ffdeb8a1556
Driver info: org.openqa.selenium.firefox.FirefoxDriver
Capabilities [{platform=WINDOWS, acceptSslCerts=true, javascriptEnabled=true, cssSelectorsEnabled=true, databaseEnabled=true, browserName=firefox, handlesAlerts=true, nativeEvents=false, webStorageEnabled=true, rotatable=false, locationContextEnabled=true, applicationCacheEnabled=true, takesScreenshot=true, version=45.0.1}]
	at com.flipkart.testcase1.Pacp2_1.teatcase2(Pacp2_1.java:170)
Caused by: org.openqa.selenium.NoSuchElementException: 
Unable to locate element: {"method":"xpath","selector":"//div[text()='Redmi 5A (Rose Gold, 16 GB)']"}
For documentation on this error, please visit: http://seleniumhq.org/exceptions/no_such_element.html
Build info: version: '2.53.0', revision: '35ae25b1534ae328c771e0856c93e187490ca824', time: '2016-03-15 10:43:46'
System info: host: 'HP-PC', ip: '192.168.3.5', os.name: 'Windows 7', os.arch: 'amd64', os.version: '6.1', java.version: '1.7.0_67'
Driver info: driver.version: unknown
</failure>
    <system-out><![CDATA[[mobiles, 2 GB RAM | 16 GB ROM | Expandable Upto 128 GB, 5 inch HD Display, 13MP Rear Camera | 5MP Front Camera, 3000 mAh Li-polymer Battery, Qualcomm Snapdragon 425 Processor, Brand Warranty of 1 Year Available for Mobile and 6 Months for Accessories, 5999]
first data in sheetmobiles
The data are in search box : mobile in Mobiles
samsung mobiles in Mobiles
redmi note 4
mi mobiles
redmi mobile
vivo mobiles
lenovo mobile
7
the redmi mobile is not present
the redmi mobile is not present
the redmi mobile is not present
the redmi mobile is not present
the redmi mobile is not present
the redmi mobile is not present
]]></system-out>
  </testcase>
  <testcase name="teatcase2" classname="com.flipkart.testcase1.Pacp2_1" time="35.143">
    <failure message="no such element: Unable to locate element: {&quot;method&quot;:&quot;xpath&quot;,&quot;selector&quot;:&quot;//div[text()=&apos;Redmi 5A (Rose Gold, 16 GB)&apos;]&quot;}&#10;  (Session info: chrome=65.0.3325.181)&#10;  (Driver info: chromedriver=2.35.528161 (5b82f2d2aae0ca24b877009200ced9065a772e73),platform=Windows NT 6.1.7600 x86_64) (WARNING: The server did not provide any stacktrace information)&#10;Command duration or timeout: 51 milliseconds&#10;For documentation on this error, please visit: http://seleniumhq.org/exceptions/no_such_element.html&#10;Build info: version: &apos;2.53.0&apos;, revision: &apos;35ae25b1534ae328c771e0856c93e187490ca824&apos;, time: &apos;2016-03-15 10:43:46&apos;&#10;System info: host: &apos;HP-PC&apos;, ip: &apos;192.168.3.5&apos;, os.name: &apos;Windows 7&apos;, os.arch: &apos;amd64&apos;, os.version: &apos;6.1&apos;, java.version: &apos;1.7.0_67&apos;&#10;*** Element info: {Using=xpath, value=//div[text()=&apos;Redmi 5A (Rose Gold, 16 GB)&apos;]}&#10;Session ID: 1cb3a34a450a398ecb8c53adee9ab086&#10;Driver info: org.openqa.selenium.chrome.ChromeDriver&#10;Capabilities [{platform=XP, acceptSslCerts=false, javascriptEnabled=true, browserName=chrome, chrome={userDataDir=C:\Users\HP\AppData\Local\Temp\scoped_dir9284_26262, chromedriverVersion=2.35.528161 (5b82f2d2aae0ca24b877009200ced9065a772e73)}, networkConnectionEnabled=false, unexpectedAlertBehaviour=, rotatable=false, setWindowRect=true, mobileEmulationEnabled=false, locationContextEnabled=true, pageLoadStrategy=normal, version=65.0.3325.181, takesHeapSnapshot=true, cssSelectorsEnabled=true, databaseEnabled=false, handlesAlerts=true, browserConnectionEnabled=false, webStorageEnabled=true, nativeEvents=true, hasTouchScreen=false, applicationCacheEnabled=false, takesScreenshot=true, acceptInsecureCerts=false}]" type="org.openqa.selenium.NoSuchElementException">org.openqa.selenium.NoSuchElementException: 
no such element: Unable to locate element: {"method":"xpath","selector":"//div[text()='Redmi 5A (Rose Gold, 16 GB)']"}
  (Session info: chrome=65.0.3325.181)
  (Driver info: chromedriver=2.35.528161 (5b82f2d2aae0ca24b877009200ced9065a772e73),platform=Windows NT 6.1.7600 x86_64) (WARNING: The server did not provide any stacktrace information)
Command duration or timeout: 51 milliseconds
For documentation on this error, please visit: http://seleniumhq.org/exceptions/no_such_element.html
Build info: version: '2.53.0', revision: '35ae25b1534ae328c771e0856c93e187490ca824', time: '2016-03-15 10:43:46'
System info: host: 'HP-PC', ip: '192.168.3.5', os.name: 'Windows 7', os.arch: 'amd64', os.version: '6.1', java.version: '1.7.0_67'
*** Element info: {Using=xpath, value=//div[text()='Redmi 5A (Rose Gold, 16 GB)']}
Session ID: 1cb3a34a450a398ecb8c53adee9ab086
Driver info: org.openqa.selenium.chrome.ChromeDriver
Capabilities [{platform=XP, acceptSslCerts=false, javascriptEnabled=true, browserName=chrome, chrome={userDataDir=C:\Users\HP\AppData\Local\Temp\scoped_dir9284_26262, chromedriverVersion=2.35.528161 (5b82f2d2aae0ca24b877009200ced9065a772e73)}, networkConnectionEnabled=false, unexpectedAlertBehaviour=, rotatable=false, setWindowRect=true, mobileEmulationEnabled=false, locationContextEnabled=true, pageLoadStrategy=normal, version=65.0.3325.181, takesHeapSnapshot=true, cssSelectorsEnabled=true, databaseEnabled=false, handlesAlerts=true, browserConnectionEnabled=false, webStorageEnabled=true, nativeEvents=true, hasTouchScreen=false, applicationCacheEnabled=false, takesScreenshot=true, acceptInsecureCerts=false}]
	at com.flipkart.testcase1.Pacp2_1.teatcase2(Pacp2_1.java:170)
</failure>
    <system-out><![CDATA[[mobiles, 2 GB RAM | 16 GB ROM | Expandable Upto 128 GB, 5 inch HD Display, 13MP Rear Camera | 5MP Front Camera, 3000 mAh Li-polymer Battery, Qualcomm Snapdragon 425 Processor, Brand Warranty of 1 Year Available for Mobile and 6 Months for Accessories, 5999]
first data in sheetmobiles
The data are in search box : mobile in Mobiles
samsung mobiles in Mobiles
redmi note 4
mi mobiles
redmi mobile
vivo mobiles
lenovo mobile
7
the redmi mobile is not present
the redmi mobile is not present
the redmi mobile is not present
the redmi mobile is not present
the redmi mobile is not present
the redmi mobile is not present
]]></system-out>
    <system-err><![CDATA[Starting ChromeDriver 2.35.528161 (5b82f2d2aae0ca24b877009200ced9065a772e73) on port 5548
Only local connections are allowed.
]]></system-err>
  </testcase>
</testsuite>